[debug] [2025-08-03T16:48:02.264Z] ----------------------------------------------------------------------
[debug] [2025-08-03T16:48:02.269Z] Command:       C:\Program Files\nodejs\node.exe C:\Users\Sotonye\AppData\Roaming\npm\node_modules\firebase-tools\lib\bin\firebase.js deploy
[debug] [2025-08-03T16:48:02.269Z] CLI Version:   14.9.0
[debug] [2025-08-03T16:48:02.270Z] Platform:      win32
[debug] [2025-08-03T16:48:02.270Z] Node Version:  v22.9.0
[debug] [2025-08-03T16:48:02.271Z] Time:          Sun Aug 03 2025 17:48:02 GMT+0100 (West Africa Standard Time)
[debug] [2025-08-03T16:48:02.271Z] ----------------------------------------------------------------------
[debug] 
[debug] [2025-08-03T16:48:02.970Z] > command requires scopes: ["email","openid","https://www.googleapis.com/auth/cloudplatformprojects.readonly","https://www.googleapis.com/auth/firebase","https://www.googleapis.com/auth/cloud-platform"]
[debug] [2025-08-03T16:48:02.972Z] > authorizing via signed-in user (sotonye.dagogo@elizadeuniversity.edu.ng)
[debug] [2025-08-03T16:48:02.973Z] [iam] checking project signature-eu for permissions ["firebase.projects.get","firebasehosting.sites.update"]
[debug] [2025-08-03T16:48:02.976Z] Checked if tokens are valid: false, expires at: 1754186297387
[debug] [2025-08-03T16:48:02.976Z] Checked if tokens are valid: false, expires at: 1754186297387
[debug] [2025-08-03T16:48:02.977Z] > refreshing access token with scopes: []
[debug] [2025-08-03T16:48:02.980Z] >>> [apiv2][query] POST https://www.googleapis.com/oauth2/v3/token [none]
[debug] [2025-08-03T16:48:02.980Z] >>> [apiv2][body] POST https://www.googleapis.com/oauth2/v3/token [omitted]
[debug] [2025-08-03T16:48:04.382Z] <<< [apiv2][status] POST https://www.googleapis.com/oauth2/v3/token 200
[debug] [2025-08-03T16:48:04.383Z] <<< [apiv2][body] POST https://www.googleapis.com/oauth2/v3/token [omitted]
[debug] [2025-08-03T16:48:04.412Z] >>> [apiv2][query] POST https://cloudresourcemanager.googleapis.com/v1/projects/signature-eu:testIamPermissions [none]
[debug] [2025-08-03T16:48:04.412Z] >>> [apiv2][(partial)header] POST https://cloudresourcemanager.googleapis.com/v1/projects/signature-eu:testIamPermissions x-goog-quota-user=projects/signature-eu
[debug] [2025-08-03T16:48:04.413Z] >>> [apiv2][body] POST https://cloudresourcemanager.googleapis.com/v1/projects/signature-eu:testIamPermissions {"permissions":["firebase.projects.get","firebasehosting.sites.update"]}
